A D/ascii_and_mic////
A D/cyrillic_and_mic////
A D/euc_cn_and_mic////
A D/euc_jis_2004_and_shift_jis_2004////
A D/euc_jp_and_sjis////
A D/euc_kr_and_mic////
A D/euc_tw_and_big5////
A D/latin2_and_win1250////
A D/latin_and_mic////
A D/utf8_and_ascii////
A D/utf8_and_big5////
A D/utf8_and_cyrillic////
A D/utf8_and_euc_cn////
A D/utf8_and_euc_jis_2004////
A D/utf8_and_euc_jp////
A D/utf8_and_euc_kr////
A D/utf8_and_euc_tw////
A D/utf8_and_gb18030////
A D/utf8_and_gbk////
A D/utf8_and_iso8859////
A D/utf8_and_iso8859_1////
A D/utf8_and_johab////
A D/utf8_and_shift_jis_2004////
A D/utf8_and_sjis////
A D/utf8_and_tcvn////
A D/utf8_and_uhc////
A D/utf8_and_win////
A D/utf8_and_win1250////
A D/utf8_and_win1252////
A D/utf8_and_win1256////
A D/utf8_and_win1258////
A D/utf8_and_win874////
R D/utf8_and_win874////
R D/utf8_and_win1258////
R D/utf8_and_win1256////
R D/utf8_and_win1252////
R D/utf8_and_win1250////
R D/utf8_and_tcvn////
R D/utf8_and_shift_jis_2004////
R D/utf8_and_euc_jis_2004////
R D/euc_jis_2004_and_shift_jis_2004////
