A D/BSD44_derived////
A D/aix////
A D/alpha////
A D/beos////
A D/bsdi////
A D/bsdi_2_1////
A D/common////
A D/darwin////
A D/dgux////
A D/dynloader////
A D/hpux////
A D/i386_solaris////
A D/irix5////
A D/linux////
A D/linux_alpha////
A D/linux_i386////
A D/linuxalpha////
A D/next////
A D/nextstep////
A D/qnx////
A D/qnx4////
A D/sco////
A D/sparc////
A D/sparc_solaris////
A D/sunos4////
A D/svr4////
A D/tas////
A D/ultrix4////
A D/univel////
A D/win32////
R D/univel////
R D/ultrix4////
R D/svr4////
R D/sparc_solaris////
R D/sparc////
R D/sco////
R D/qnx4////
R D/qnx////
R D/next////
R D/linuxalpha////
R D/linux_i386////
R D/linux_alpha////
R D/linux////
R D/irix5////
R D/i386_solaris////
R D/dgux////
R D/common////
R D/bsdi_2_1////
R D/bsdi////
R D/beos////
R D/alpha////
R D/BSD44_derived////
