A D/adddepend////
A D/adminpack////
A D/apache_logging////
A D/array////
A D/auto_explain////
A D/bit////
A D/btree_gist////
A D/chkpass////
A D/citext////
A D/cube////
A D/dateformat////
A D/datetime////
A D/dbase////
A D/dblink////
A D/dbmirror////
A D/dbsize////
A D/dict_int////
A D/dict_xsyn////
A D/earthdistance////
A D/findoidjoins////
A D/fulltextindex////
A D/fuzzystrmatch////
A D/hstore////
A D/init.d////
A D/int8////
A D/intagg////
A D/intarray////
A D/ip_and_mac////
A D/ipc_check////
A D/isbn_issn////
A D/isn////
A D/likeplanning////
A D/linux////
A D/lo////
A D/ltree////
A D/mSQL-interface////
A D/mac////
A D/metaphone////
A D/miscutil////
A D/multikey////
A D/mysql////
A D/noupdate////
A D/odbc////
A D/oid2name////
A D/oracle////
A D/os2client////
A D/pageinspect////
A D/pg_autovacuum////
A D/pg_buffercache////
A D/pg_controldata////
A D/pg_dumpaccounts////
A D/pg_dumplo////
A D/pg_freespacemap////
A D/pg_logger////
A D/pg_resetxlog////
A D/pg_standby////
A D/pg_stat_statements////
A D/pg_trgm////
A D/pg_upgrade////
A D/pgbench////
A D/pgcrypto////
A D/pginterface////
A D/pglogger////
A D/pgrowlocks////
A D/pgstattuple////
A D/plpgsql////
A D/recovery////
A D/reindex////
A D/reindexdb////
A D/retep////
A D/rserv////
A D/rtree_gist////
A D/seg////
A D/sequence////
A D/soundex////
A D/spi////
A D/sslinfo////
A D/start-scripts////
A D/statmath////
A D/string////
A D/tablefunc////
A D/test_parser////
A D/tips////
A D/tools////
A D/tsearch////
A D/tsearch2////
A D/txid////
A D/unixdate////
A D/userlock////
A D/uuid-ossp////
A D/vacuumlo////
A D/xml////
A D/xml2////
A D/zap_ltv////
R D/zap_ltv////
R D/xml////
R D/uuid-ossp////
R D/userlock////
R D/unixdate////
R D/txid////
R D/tsearch////
R D/tools////
R D/tips////
R D/test_parser////
R D/string////
R D/statmath////
R D/soundex////
R D/sequence////
R D/rtree_gist////
R D/rserv////
R D/retep////
R D/reindexdb////
R D/reindex////
R D/recovery////
R D/plpgsql////
R D/pglogger////
R D/pginterface////
R D/pg_upgrade////
R D/pg_stat_statements////
R D/pg_standby////
R D/pg_resetxlog////
R D/pg_logger////
R D/pg_dumplo////
R D/pg_dumpaccounts////
R D/pg_controldata////
R D/pg_autovacuum////
R D/pageinspect////
R D/os2client////
R D/oracle////
R D/odbc////
R D/noupdate////
R D/mysql////
R D/multikey////
R D/miscutil////
R D/metaphone////
R D/mac////
R D/mSQL-interface////
R D/linux////
R D/likeplanning////
R D/isbn_issn////
R D/ipc_check////
R D/ip_and_mac////
R D/int8////
R D/init.d////
R D/fulltextindex////
R D/findoidjoins////
R D/dict_xsyn////
R D/dict_int////
R D/dbsize////
R D/dbmirror////
R D/dbase////
R D/datetime////
R D/dateformat////
R D/citext////
R D/bit////
R D/auto_explain////
R D/array////
R D/apache_logging////
R D/adddepend////
