A D/cleardbdir////
A D/createdb////
A D/createlang////
A D/createuser////
A D/destroydb////
A D/destroylang////
A D/destroyuser////
A D/initdb////
A D/initlocation////
A D/ipcclean////
A D/monitor////
A D/pg-config////
A D/pg4_dump////
A D/pg_config////
A D/pg_controldata////
A D/pg_ctl////
A D/pg_dump////
A D/pg_encoding////
A D/pg_id////
A D/pg_passwd////
A D/pg_resetxlog////
A D/pg_version////
A D/pgaccess////
A D/pgevent////
A D/pgtclsh////
A D/psql////
A D/scripts////
A D/vacuumdb////
R D/vacuumdb////
R D/pgtclsh////
R D/pgaccess////
R D/pg_version////
R D/pg_passwd////
R D/pg_id////
R D/pg_encoding////
R D/pg4_dump////
R D/pg-config////
R D/monitor////
R D/initlocation////
R D/destroyuser////
R D/destroylang////
R D/destroydb////
R D/createuser////
R D/createlang////
R D/createdb////
R D/cleardbdir////
